----------------------------------------------------------------
Fri Feb 20 17:31:33 PST 2026:
Booting Derby version The Apache Software Foundation - Apache Derby - 10.17.1.0 - (1913217): instance a816c00e-019c-7dd2-cfd8-000016ef3a08 
on database directory memory:/Users/roman/Projects/DScope/CamelPersistence/camel-persistence-jdbc/camelPersistenceTest1199611f311c4522ab1e59c1342ea769 with class loader jdk.internal.loader.ClassLoaders$AppClassLoader@1cf4f579 
Loaded from file:/Users/roman/.m2/repository/org/apache/derby/derby/10.17.1.0/derby-10.17.1.0.jar
java.vendor=Oracle Corporation
java.runtime.version=21.0.2+13-58
user.dir=/Users/roman/Projects/DScope/CamelPersistence/camel-persistence-jdbc
os.name=Mac OS X
os.arch=aarch64
os.version=15.7.3
derby.system.home=null
Database Class Loader started - derby.database.classpath=''
----------------------------------------------------------------
Fri Feb 20 17:31:34 PST 2026:
Booting Derby version The Apache Software Foundation - Apache Derby - 10.17.1.0 - (1913217): instance 69c68125-019c-7dd2-cfd8-000016ef3a08 
on database directory memory:/Users/roman/Projects/DScope/CamelPersistence/camel-persistence-jdbc/camelPersistenceTest198b8c80888d45218c30134653bf8689 with class loader jdk.internal.loader.ClassLoaders$AppClassLoader@1cf4f579 
Loaded from file:/Users/roman/.m2/repository/org/apache/derby/derby/10.17.1.0/derby-10.17.1.0.jar
java.vendor=Oracle Corporation
java.runtime.version=21.0.2+13-58
user.dir=/Users/roman/Projects/DScope/CamelPersistence/camel-persistence-jdbc
os.name=Mac OS X
os.arch=aarch64
os.version=15.7.3
derby.system.home=null
Database Class Loader started - derby.database.classpath=''
----------------------------------------------------------------
Fri Feb 20 17:31:34 PST 2026:
Booting Derby version The Apache Software Foundation - Apache Derby - 10.17.1.0 - (1913217): instance db988235-019c-7dd2-cfd8-000016ef3a08 
on database directory memory:/Users/roman/Projects/DScope/CamelPersistence/camel-persistence-jdbc/camelPersistenceTest57118af610a84b48bacebe235f51f22f with class loader jdk.internal.loader.ClassLoaders$AppClassLoader@1cf4f579 
Loaded from file:/Users/roman/.m2/repository/org/apache/derby/derby/10.17.1.0/derby-10.17.1.0.jar
java.vendor=Oracle Corporation
java.runtime.version=21.0.2+13-58
user.dir=/Users/roman/Projects/DScope/CamelPersistence/camel-persistence-jdbc
os.name=Mac OS X
os.arch=aarch64
os.version=15.7.3
derby.system.home=null
Database Class Loader started - derby.database.classpath=''
----------------------------------------------------------------
Fri Feb 20 17:31:34 PST 2026:
Booting Derby version The Apache Software Foundation - Apache Derby - 10.17.1.0 - (1913217): instance d2680341-019c-7dd2-cfd8-000016ef3a08 
on database directory memory:/Users/roman/Projects/DScope/CamelPersistence/camel-persistence-jdbc/camelPersistenceContractc83a8534101040fb9017a0c587e878ad with class loader jdk.internal.loader.ClassLoaders$AppClassLoader@1cf4f579 
Loaded from file:/Users/roman/.m2/repository/org/apache/derby/derby/10.17.1.0/derby-10.17.1.0.jar
java.vendor=Oracle Corporation
java.runtime.version=21.0.2+13-58
user.dir=/Users/roman/Projects/DScope/CamelPersistence/camel-persistence-jdbc
os.name=Mac OS X
os.arch=aarch64
os.version=15.7.3
derby.system.home=null
Database Class Loader started - derby.database.classpath=''
----------------------------------------------------------------
Fri Feb 20 17:31:34 PST 2026:
Booting Derby version The Apache Software Foundation - Apache Derby - 10.17.1.0 - (1913217): instance d3aa0451-019c-7dd2-cfd8-000016ef3a08 
on database directory memory:/Users/roman/Projects/DScope/CamelPersistence/camel-persistence-jdbc/camelPersistenceContract827ba7f823834be1b98b41a4a5063dab with class loader jdk.internal.loader.ClassLoaders$AppClassLoader@1cf4f579 
Loaded from file:/Users/roman/.m2/repository/org/apache/derby/derby/10.17.1.0/derby-10.17.1.0.jar
java.vendor=Oracle Corporation
java.runtime.version=21.0.2+13-58
user.dir=/Users/roman/Projects/DScope/CamelPersistence/camel-persistence-jdbc
os.name=Mac OS X
os.arch=aarch64
os.version=15.7.3
derby.system.home=null
Database Class Loader started - derby.database.classpath=''
----------------------------------------------------------------
Fri Feb 20 17:31:34 PST 2026:
Booting Derby version The Apache Software Foundation - Apache Derby - 10.17.1.0 - (1913217): instance 85414567-019c-7dd2-cfd8-000016ef3a08 
on database directory memory:/Users/roman/Projects/DScope/CamelPersistence/camel-persistence-jdbc/camelPersistenceContract31cb3caafe764ecfb66b9a2df58cfb9b with class loader jdk.internal.loader.ClassLoaders$AppClassLoader@1cf4f579 
Loaded from file:/Users/roman/.m2/repository/org/apache/derby/derby/10.17.1.0/derby-10.17.1.0.jar
java.vendor=Oracle Corporation
java.runtime.version=21.0.2+13-58
user.dir=/Users/roman/Projects/DScope/CamelPersistence/camel-persistence-jdbc
os.name=Mac OS X
os.arch=aarch64
os.version=15.7.3
derby.system.home=null
Database Class Loader started - derby.database.classpath=''
----------------------------------------------------------------
Fri Feb 20 17:31:34 PST 2026:
Booting Derby version The Apache Software Foundation - Apache Derby - 10.17.1.0 - (1913217): instance d226c673-019c-7dd2-cfd8-000016ef3a08 
on database directory memory:/Users/roman/Projects/DScope/CamelPersistence/camel-persistence-jdbc/camelPersistenceContractb827418c7e104c7692634ee948db1e73 with class loader jdk.internal.loader.ClassLoaders$AppClassLoader@1cf4f579 
Loaded from file:/Users/roman/.m2/repository/org/apache/derby/derby/10.17.1.0/derby-10.17.1.0.jar
java.vendor=Oracle Corporation
java.runtime.version=21.0.2+13-58
user.dir=/Users/roman/Projects/DScope/CamelPersistence/camel-persistence-jdbc
os.name=Mac OS X
os.arch=aarch64
os.version=15.7.3
derby.system.home=null
Database Class Loader started - derby.database.classpath=''
